{"/Users/admin/Documents/GitHub/react-splash-dynamodb/src/index.js": {"path":"/Users/admin/Documents/GitHub/react-splash-dynamodb/src/index.js","statementMap":{"0":{"start":{"line":10,"column":22},"end":{"line":60,"column":1}},"1":{"start":{"line":12,"column":2},"end":{"line":39,"column":8}},"2":{"start":{"line":16,"column":32},"end":{"line":16,"column":122}},"3":{"start":{"line":18,"column":6},"end":{"line":33,"column":7}},"4":{"start":{"line":19,"column":23},"end":{"line":19,"column":52}},"5":{"start":{"line":20,"column":8},"end":{"line":28,"column":9}},"6":{"start":{"line":21,"column":10},"end":{"line":21,"column":71}},"7":{"start":{"line":21,"column":43},"end":{"line":21,"column":71}},"8":{"start":{"line":23,"column":10},"end":{"line":27,"column":11}},"9":{"start":{"line":24,"column":12},"end":{"line":24,"column":72}},"10":{"start":{"line":24,"column":45},"end":{"line":24,"column":72}},"11":{"start":{"line":26,"column":12},"end":{"line":26,"column":73}},"12":{"start":{"line":26,"column":45},"end":{"line":26,"column":73}},"13":{"start":{"line":32,"column":8},"end":{"line":32,"column":69}},"14":{"start":{"line":32,"column":41},"end":{"line":32,"column":69}},"15":{"start":{"line":37,"column":4},"end":{"line":37,"column":23}},"16":{"start":{"line":41,"column":2},"end":{"line":59,"column":3}}},"fnMap":{"0":{"name":"(anonymous_0)","decl":{"start":{"line":10,"column":22},"end":{"line":10,"column":23}},"loc":{"start":{"line":10,"column":33},"end":{"line":60,"column":1}},"line":10},"1":{"name":"(anonymous_1)","decl":{"start":{"line":12,"column":12},"end":{"line":12,"column":13}},"loc":{"start":{"line":12,"column":18},"end":{"line":39,"column":3}},"line":12},"2":{"name":"checkCredentials","decl":{"start":{"line":14,"column":19},"end":{"line":14,"column":35}},"loc":{"start":{"line":14,"column":38},"end":{"line":35,"column":5}},"line":14}},"branchMap":{"0":{"loc":{"start":{"line":18,"column":6},"end":{"line":33,"column":7}},"type":"if","locations":[{"start":{"line":18,"column":6},"end":{"line":33,"column":7}},{"start":{"line":18,"column":6},"end":{"line":33,"column":7}}],"line":18},"1":{"loc":{"start":{"line":20,"column":8},"end":{"line":28,"column":9}},"type":"if","locations":[{"start":{"line":20,"column":8},"end":{"line":28,"column":9}},{"start":{"line":20,"column":8},"end":{"line":28,"column":9}}],"line":20},"2":{"loc":{"start":{"line":21,"column":10},"end":{"line":21,"column":71}},"type":"if","locations":[{"start":{"line":21,"column":10},"end":{"line":21,"column":71}},{"start":{"line":21,"column":10},"end":{"line":21,"column":71}}],"line":21},"3":{"loc":{"start":{"line":23,"column":10},"end":{"line":27,"column":11}},"type":"if","locations":[{"start":{"line":23,"column":10},"end":{"line":27,"column":11}},{"start":{"line":23,"column":10},"end":{"line":27,"column":11}}],"line":23},"4":{"loc":{"start":{"line":24,"column":12},"end":{"line":24,"column":72}},"type":"if","locations":[{"start":{"line":24,"column":12},"end":{"line":24,"column":72}},{"start":{"line":24,"column":12},"end":{"line":24,"column":72}}],"line":24},"5":{"loc":{"start":{"line":26,"column":12},"end":{"line":26,"column":73}},"type":"if","locations":[{"start":{"line":26,"column":12},"end":{"line":26,"column":73}},{"start":{"line":26,"column":12},"end":{"line":26,"column":73}}],"line":26},"6":{"loc":{"start":{"line":32,"column":8},"end":{"line":32,"column":69}},"type":"if","locations":[{"start":{"line":32,"column":8},"end":{"line":32,"column":69}},{"start":{"line":32,"column":8},"end":{"line":32,"column":69}}],"line":32}},"s":{"0":1,"1":5,"2":5,"3":4,"4":3,"5":3,"6":1,"7":1,"8":2,"9":1,"10":1,"11":1,"12":1,"13":1,"14":1,"15":5,"16":5},"f":{"0":5,"1":5,"2":5},"b":{"0":[3,1],"1":[1,2],"2":[1,0],"3":[1,1],"4":[1,0],"5":[1,0],"6":[1,0]},"_coverageSchema":"43e27e138ebf9cfc5966b082cf9a028302ed4184","hash":"ab4ff9261673a792dc3555f36bf4bf238f490a85"}
,"/Users/admin/Documents/GitHub/react-splash-dynamodb/src/services.js": {"path":"/Users/admin/Documents/GitHub/react-splash-dynamodb/src/services.js","statementMap":{"0":{"start":{"line":7,"column":28},"end":{"line":12,"column":5}},"1":{"start":{"line":14,"column":28},"end":{"line":14,"column":90}},"2":{"start":{"line":15,"column":4},"end":{"line":15,"column":29}},"3":{"start":{"line":19,"column":24},"end":{"line":21,"column":1}}},"fnMap":{"0":{"name":"getCredentials","decl":{"start":{"line":5,"column":15},"end":{"line":5,"column":29}},"loc":{"start":{"line":5,"column":58},"end":{"line":17,"column":1}},"line":5}},"branchMap":{},"s":{"0":1,"1":1,"2":0,"3":1},"f":{"0":1},"b":{},"_coverageSchema":"43e27e138ebf9cfc5966b082cf9a028302ed4184","hash":"54c19b854c48611f204bf7704ad1a9d3bfffdf14"}
}
