TN:
SF:/Users/admin/Documents/GitHub/react-splash-dynamodb/src/index.js
FN:10,(anonymous_0)
FN:12,(anonymous_1)
FN:14,checkCredentials
FNF:3
FNH:3
FNDA:5,(anonymous_0)
FNDA:5,(anonymous_1)
FNDA:5,checkCredentials
DA:10,1
DA:12,5
DA:16,5
DA:18,4
DA:19,3
DA:20,3
DA:21,1
DA:23,2
DA:24,1
DA:26,1
DA:32,1
DA:37,5
DA:41,5
LF:13
LH:13
BRDA:18,0,0,3
BRDA:18,0,1,1
BRDA:20,1,0,1
BRDA:20,1,1,2
BRDA:21,2,0,1
BRDA:21,2,1,0
BRDA:23,3,0,1
BRDA:23,3,1,1
BRDA:24,4,0,1
BRDA:24,4,1,0
BRDA:26,5,0,1
BRDA:26,5,1,0
BRDA:32,6,0,1
BRDA:32,6,1,0
BRF:14
BRH:10
end_of_record
TN:
SF:/Users/admin/Documents/GitHub/react-splash-dynamodb/src/services.js
FN:5,getCredentials
FNF:1
FNH:1
FNDA:1,getCredentials
DA:7,1
DA:14,1
DA:15,0
DA:19,1
LF:4
LH:3
BRF:0
BRH:0
end_of_record
